<?xml version="1.0" encoding="UTF-8"?>
<!-- Generated by org.testng.reporters.JUnitReportReporter -->
<testsuite hostname="LAPTOP-NK89I8N0" failures="0" tests="1" name="PageTestCases" time="29.425" errors="0" timestamp="2024-05-03T23:55:16 IST" skipped="0">
  <testcase classname="PageTestCases" name="testTextBox" time="29.425"/>
</testsuite> <!-- PageTestCases -->
